<?xml version="1.0" encoding="UTF-8"?>
<testng-results ignored="0" total="1" passed="1" failed="0" skipped="0">
  <reporter-output>
  </reporter-output>
  <suite started-at="2021-11-22T20:01:49 EST" name="Default suite" finished-at="2021-11-22T20:01:51 EST" duration-ms="2109">
    <groups>
    </groups>
    <test started-at="2021-11-22T20:01:49 EST" name="Default test" finished-at="2021-11-22T20:01:51 EST" duration-ms="2109">
      <class name="testcases.TC001">
        <test-method signature="tc001()[pri:0, instance:testcases.TC001@6b8ca3c8]" started-at="2021-11-22T20:01:49 EST" name="tc001" finished-at="2021-11-22T20:01:51 EST" duration-ms="2078" status="PASS">
          <reporter-output>
          </reporter-output>
        </test-method> <!-- tc001 -->
      </class> <!-- testcases.TC001 -->
    </test> <!-- Default test -->
  </suite> <!-- Default suite -->
</testng-results>
